<?xml version="1.0" encoding="UTF-8"?>
<!-- Generated by org.testng.reporters.JUnitReportReporter -->
<testsuite hostname="DESKTOP-MJC5HMH" failures="0" tests="1" name="WayTest.Functional" time="14.389" errors="0" timestamp="2020-05-02T13:04:30 IST" skipped="0">
  <testcase classname="WayTest.Functional" name="FlightPage" time="14.389"/>
  <system-out/>
</testsuite> <!-- WayTest.Functional -->
